[2019-09-03 13:07:49] local.ERROR: SQLSTATE[42S22]: Column not found: 1054 Unknown column 'proforma_invoice.date' in 'where clause' (SQL: 
        SELECT
            pi.id,
            date,
            pi.proforma_invoice_full_no,
            b.name as business_name,
            u.user_name as salesperson_name,
            pi.total_net_amount,
            ss.name
        FROM
            `proforma_invoice` as pi
        inner join
            business b
        on
            b.id =  pi.business_id
        left outer join
            user u
        on
            u.id = pi.sales_person_id
        left outer join
            application_status ss
        on
            ss.id = pi.application_status_id
        WHERE
            `proforma_invoice`.date BETWEEN '2019-08-01' AND '2019-09-04'
              LIMIT 0,10) {"exception":"[object] (Illuminate\\Database\\QueryException(code: 42S22): SQLSTATE[42S22]: Column not found: 1054 Unknown column 'proforma_invoice.date' in 'where clause' (SQL: 
        SELECT
            pi.id,
            date,
            pi.proforma_invoice_full_no,
            b.name as business_name,
            u.user_name as salesperson_name,
            pi.total_net_amount,
            ss.name
        FROM
            `proforma_invoice` as pi
        inner join
            business b
        on
            b.id =  pi.business_id
        left outer join
            user u
        on
            u.id = pi.sales_person_id
        left outer join
            application_status ss
        on
            ss.id = pi.application_status_id
        WHERE
            `proforma_invoice`.date BETWEEN '2019-08-01' AND '2019-09-04'
              LIMIT 0,10) at E:\\Alpha\\CRM_OldFurn\\oldfurn\\aesapi\\vendor\\laravel\\framework\\src\\Illuminate\\Database\\Connection.php:664, Doctrine\\DBAL\\Driver\\PDOException(code: 42S22): SQLSTATE[42S22]: Column not found: 1054 Unknown column 'proforma_invoice.date' in 'where clause' at E:\\Alpha\\CRM_OldFurn\\oldfurn\\aesapi\\vendor\\doctrine\\dbal\\lib\\Doctrine\\DBAL\\Driver\\PDOConnection.php:63, PDOException(code: 42S22): SQLSTATE[42S22]: Column not found: 1054 Unknown column 'proforma_invoice.date' in 'where clause' at E:\\Alpha\\CRM_OldFurn\\oldfurn\\aesapi\\vendor\\doctrine\\dbal\\lib\\Doctrine\\DBAL\\Driver\\PDOConnection.php:61)
[stacktrace]
#0 E:\\Alpha\\CRM_OldFurn\\oldfurn\\aesapi\\vendor\\laravel\\framework\\src\\Illuminate\\Database\\Connection.php(624): Illuminate\\Database\\Connection->runQueryCallback('\
        SELECT...', Array, Object(Closure))
#1 E:\\Alpha\\CRM_OldFurn\\oldfurn\\aesapi\\vendor\\laravel\\framework\\src\\Illuminate\\Database\\Connection.php(333): Illuminate\\Database\\Connection->run('\
        SELECT...', Array, Object(Closure))
#2 E:\\Alpha\\CRM_OldFurn\\oldfurn\\aesapi\\vendor\\laravel\\framework\\src\\Illuminate\\Database\\DatabaseManager.php(349): Illuminate\\Database\\Connection->select('\
        SELECT...')
#3 E:\\Alpha\\CRM_OldFurn\\oldfurn\\aesapi\\vendor\\laravel\\framework\\src\\Illuminate\\Support\\Facades\\Facade.php(237): Illuminate\\Database\\DatabaseManager->__call('select', Array)
#4 E:\\Alpha\\CRM_OldFurn\\oldfurn\\aesapi\\app\\Http\\ApiController\\ProformaInvoiceController.php(73): Illuminate\\Support\\Facades\\Facade::__callStatic('select', Array)
#5 [internal function]: App\\Http\\ApiController\\ProformaInvoiceController->ProformaInvoiceSearchAndList(Object(Illuminate\\Http\\Request), '2019-08-01', '2019-09-04')
#6 E:\\Alpha\\CRM_OldFurn\\oldfurn\\aesapi\\vendor\\laravel\\framework\\src\\Illuminate\\Routing\\Controller.php(54): call_user_func_array(Array, Array)
#7 E:\\Alpha\\CRM_OldFurn\\oldfurn\\aesapi\\vendor\\laravel\\framework\\src\\Illuminate\\Routing\\ControllerDispatcher.php(45): Illuminate\\Routing\\Controller->callAction('ProformaInvoice...', Array)
#8 E:\\Alpha\\CRM_OldFurn\\oldfurn\\aesapi\\vendor\\laravel\\framework\\src\\Illuminate\\Routing\\Route.php(219): Illuminate\\Routing\\ControllerDispatcher->dispatch(Object(Illuminate\\Routing\\Route), Object(App\\Http\\ApiController\\ProformaInvoiceController), 'ProformaInvoice...')
#9 E:\\Alpha\\CRM_OldFurn\\oldfurn\\aesapi\\vendor\\laravel\\framework\\src\\Illuminate\\Routing\\Route.php(176): Illuminate\\Routing\\Route->runController()
#10 E:\\Alpha\\CRM_OldFurn\\oldfurn\\aesapi\\vendor\\laravel\\framework\\src\\Illuminate\\Routing\\Router.php(680): Illuminate\\Routing\\Route->run()
#11 E:\\Alpha\\CRM_OldFurn\\oldfurn\\aesapi\\vendor\\laravel\\framework\\src\\Illuminate\\Routing\\Pipeline.php(30): Illuminate\\Routing\\Router->Illuminate\\Routing\\{closure}(Object(Illuminate\\Http\\Request))
#12 E:\\Alpha\\CRM_OldFurn\\oldfurn\\aesapi\\app\\Http\\Middleware\\APIToken.php(22): Illuminate\\Routing\\Pipeline->Illuminate\\Routing\\{closure}(Object(Illuminate\\Http\\Request))
#13 E:\\Alpha\\CRM_OldFurn\\oldfurn\\aesapi\\vendor\\laravel\\framework\\src\\Illuminate\\Pipeline\\Pipeline.php(163): App\\Http\\Middleware\\APIToken->handle(Object(Illuminate\\Http\\Request), Object(Closure))
#14 E:\\Alpha\\CRM_OldFurn\\oldfurn\\aesapi\\vendor\\laravel\\framework\\src\\Illuminate\\Routing\\Pipeline.php(53): Illuminate\\Pipeline\\Pipeline->Illuminate\\Pipeline\\{closure}(Object(Illuminate\\Http\\Request))
#15 E:\\Alpha\\CRM_OldFurn\\oldfurn\\aesapi\\vendor\\barryvdh\\laravel-cors\\src\\HandleCors.php(58): Illuminate\\Routing\\Pipeline->Illuminate\\Routing\\{closure}(Object(Illuminate\\Http\\Request))
#16 E:\\Alpha\\CRM_OldFurn\\oldfurn\\aesapi\\vendor\\laravel\\framework\\src\\Illuminate\\Pipeline\\Pipeline.php(163): Barryvdh\\Cors\\HandleCors->handle(Object(Illuminate\\Http\\Request), Object(Closure))
#17 E:\\Alpha\\CRM_OldFurn\\oldfurn\\aesapi\\vendor\\laravel\\framework\\src\\Illuminate\\Routing\\Pipeline.php(53): Illuminate\\Pipeline\\Pipeline->Illuminate\\Pipeline\\{closure}(Object(Illuminate\\Http\\Request))
#18 E:\\Alpha\\CRM_OldFurn\\oldfurn\\aesapi\\vendor\\laravel\\framework\\src\\Illuminate\\Pipeline\\Pipeline.php(104): Illuminate\\Routing\\Pipeline->Illuminate\\Routing\\{closure}(Object(Illuminate\\Http\\Request))
#19 E:\\Alpha\\CRM_OldFurn\\oldfurn\\aesapi\\vendor\\laravel\\framework\\src\\Illuminate\\Routing\\Router.php(682): Illuminate\\Pipeline\\Pipeline->then(Object(Closure))
#20 E:\\Alpha\\CRM_OldFurn\\oldfurn\\aesapi\\vendor\\laravel\\framework\\src\\Illuminate\\Routing\\Router.php(657): Illuminate\\Routing\\Router->runRouteWithinStack(Object(Illuminate\\Routing\\Route), Object(Illuminate\\Http\\Request))
#21 E:\\Alpha\\CRM_OldFurn\\oldfurn\\aesapi\\vendor\\laravel\\framework\\src\\Illuminate\\Routing\\Router.php(623): Illuminate\\Routing\\Router->runRoute(Object(Illuminate\\Http\\Request), Object(Illuminate\\Routing\\Route))
#22 E:\\Alpha\\CRM_OldFurn\\oldfurn\\aesapi\\vendor\\laravel\\framework\\src\\Illuminate\\Routing\\Router.php(612): Illuminate\\Routing\\Router->dispatchToRoute(Object(Illuminate\\Http\\Request))
#23 E:\\Alpha\\CRM_OldFurn\\oldfurn\\aesapi\\vendor\\laravel\\framework\\src\\Illuminate\\Foundation\\Http\\Kernel.php(176): Illuminate\\Routing\\Router->dispatch(Object(Illuminate\\Http\\Request))
#24 E:\\Alpha\\CRM_OldFurn\\oldfurn\\aesapi\\vendor\\laravel\\framework\\src\\Illuminate\\Routing\\Pipeline.php(30): Illuminate\\Foundation\\Http\\Kernel->Illuminate\\Foundation\\Http\\{closure}(Object(Illuminate\\Http\\Request))
#25 E:\\Alpha\\CRM_OldFurn\\oldfurn\\aesapi\\vendor\\barryvdh\\laravel-cors\\src\\HandleCors.php(58): Illuminate\\Routing\\Pipeline->Illuminate\\Routing\\{closure}(Object(Illuminate\\Http\\Request))
#26 E:\\Alpha\\CRM_OldFurn\\oldfurn\\aesapi\\vendor\\laravel\\framework\\src\\Illuminate\\Pipeline\\Pipeline.php(163): Barryvdh\\Cors\\HandleCors->handle(Object(Illuminate\\Http\\Request), Object(Closure))
#27 E:\\Alpha\\CRM_OldFurn\\oldfurn\\aesapi\\vendor\\laravel\\framework\\src\\Illuminate\\Routing\\Pipeline.php(53): Illuminate\\Pipeline\\Pipeline->Illuminate\\Pipeline\\{closure}(Object(Illuminate\\Http\\Request))
#28 E:\\Alpha\\CRM_OldFurn\\oldfurn\\aesapi\\vendor\\fideloper\\proxy\\src\\TrustProxies.php(57): Illuminate\\Routing\\Pipeline->Illuminate\\Routing\\{closure}(Object(Illuminate\\Http\\Request))
#29 E:\\Alpha\\CRM_OldFurn\\oldfurn\\aesapi\\vendor\\laravel\\framework\\src\\Illuminate\\Pipeline\\Pipeline.php(163): Fideloper\\Proxy\\TrustProxies->handle(Object(Illuminate\\Http\\Request), Object(Closure))
#30 E:\\Alpha\\CRM_OldFurn\\oldfurn\\aesapi\\vendor\\laravel\\framework\\src\\Illuminate\\Routing\\Pipeline.php(53): Illuminate\\Pipeline\\Pipeline->Illuminate\\Pipeline\\{closure}(Object(Illuminate\\Http\\Request))
#31 E:\\Alpha\\CRM_OldFurn\\oldfurn\\aesapi\\vendor\\laravel\\framework\\src\\Illuminate\\Foundation\\Http\\Middleware\\TransformsRequest.php(21): Illuminate\\Routing\\Pipeline->Illuminate\\Routing\\{closure}(Object(Illuminate\\Http\\Request))
#32 E:\\Alpha\\CRM_OldFurn\\oldfurn\\aesapi\\vendor\\laravel\\framework\\src\\Illuminate\\Pipeline\\Pipeline.php(163): Illuminate\\Foundation\\Http\\Middleware\\TransformsRequest->handle(Object(Illuminate\\Http\\Request), Object(Closure))
#33 E:\\Alpha\\CRM_OldFurn\\oldfurn\\aesapi\\vendor\\laravel\\framework\\src\\Illuminate\\Routing\\Pipeline.php(53): Illuminate\\Pipeline\\Pipeline->Illuminate\\Pipeline\\{closure}(Object(Illuminate\\Http\\Request))
#34 E:\\Alpha\\CRM_OldFurn\\oldfurn\\aesapi\\vendor\\laravel\\framework\\src\\Illuminate\\Foundation\\Http\\Middleware\\TransformsRequest.php(21): Illuminate\\Routing\\Pipeline->Illuminate\\Routing\\{closure}(Object(Illuminate\\Http\\Request))
#35 E:\\Alpha\\CRM_OldFurn\\oldfurn\\aesapi\\vendor\\laravel\\framework\\src\\Illuminate\\Pipeline\\Pipeline.php(163): Illuminate\\Foundation\\Http\\Middleware\\TransformsRequest->handle(Object(Illuminate\\Http\\Request), Object(Closure))
#36 E:\\Alpha\\CRM_OldFurn\\oldfurn\\aesapi\\vendor\\laravel\\framework\\src\\Illuminate\\Routing\\Pipeline.php(53): Illuminate\\Pipeline\\Pipeline->Illuminate\\Pipeline\\{closure}(Object(Illuminate\\Http\\Request))
#37 E:\\Alpha\\CRM_OldFurn\\oldfurn\\aesapi\\vendor\\laravel\\framework\\src\\Illuminate\\Foundation\\Http\\Middleware\\ValidatePostSize.php(27): Illuminate\\Routing\\Pipeline->Illuminate\\Routing\\{closure}(Object(Illuminate\\Http\\Request))
#38 E:\\Alpha\\CRM_OldFurn\\oldfurn\\aesapi\\vendor\\laravel\\framework\\src\\Illuminate\\Pipeline\\Pipeline.php(163): Illuminate\\Foundation\\Http\\Middleware\\ValidatePostSize->handle(Object(Illuminate\\Http\\Request), Object(Closure))
#39 E:\\Alpha\\CRM_OldFurn\\oldfurn\\aesapi\\vendor\\laravel\\framework\\src\\Illuminate\\Routing\\Pipeline.php(53): Illuminate\\Pipeline\\Pipeline->Illuminate\\Pipeline\\{closure}(Object(Illuminate\\Http\\Request))
#40 E:\\Alpha\\CRM_OldFurn\\oldfurn\\aesapi\\vendor\\laravel\\framework\\src\\Illuminate\\Foundation\\Http\\Middleware\\CheckForMaintenanceMode.php(62): Illuminate\\Routing\\Pipeline->Illuminate\\Routing\\{closure}(Object(Illuminate\\Http\\Request))
#41 E:\\Alpha\\CRM_OldFurn\\oldfurn\\aesapi\\vendor\\laravel\\framework\\src\\Illuminate\\Pipeline\\Pipeline.php(163): Illuminate\\Foundation\\Http\\Middleware\\CheckForMaintenanceMode->handle(Object(Illuminate\\Http\\Request), Object(Closure))
#42 E:\\Alpha\\CRM_OldFurn\\oldfurn\\aesapi\\vendor\\laravel\\framework\\src\\Illuminate\\Routing\\Pipeline.php(53): Illuminate\\Pipeline\\Pipeline->Illuminate\\Pipeline\\{closure}(Object(Illuminate\\Http\\Request))
#43 E:\\Alpha\\CRM_OldFurn\\oldfurn\\aesapi\\vendor\\laravel\\framework\\src\\Illuminate\\Pipeline\\Pipeline.php(104): Illuminate\\Routing\\Pipeline->Illuminate\\Routing\\{closure}(Object(Illuminate\\Http\\Request))
#44 E:\\Alpha\\CRM_OldFurn\\oldfurn\\aesapi\\vendor\\laravel\\framework\\src\\Illuminate\\Foundation\\Http\\Kernel.php(151): Illuminate\\Pipeline\\Pipeline->then(Object(Closure))
#45 E:\\Alpha\\CRM_OldFurn\\oldfurn\\aesapi\\vendor\\laravel\\framework\\src\\Illuminate\\Foundation\\Http\\Kernel.php(116): Illuminate\\Foundation\\Http\\Kernel->sendRequestThroughRouter(Object(Illuminate\\Http\\Request))
#46 E:\\Alpha\\CRM_OldFurn\\oldfurn\\aesapi\\public\\index.php(55): Illuminate\\Foundation\\Http\\Kernel->handle(Object(Illuminate\\Http\\Request))
#47 E:\\Alpha\\CRM_OldFurn\\oldfurn\\aesapi\\server.php(21): require_once('E:\\\\Alpha\\\\CRM_Ol...')
#48 {main}
"} 
[2019-09-03 13:07:51] local.ERROR: SQLSTATE[42S22]: Column not found: 1054 Unknown column 'proforma_invoice.date' in 'where clause' (SQL: 
        SELECT
            pi.id,
            date,
            pi.proforma_invoice_full_no,
            b.name as business_name,
            u.user_name as salesperson_name,
            pi.total_net_amount,
            ss.name
        FROM
            `proforma_invoice` as pi
        inner join
            business b
        on
            b.id =  pi.business_id
        left outer join
            user u
        on
            u.id = pi.sales_person_id
        left outer join
            application_status ss
        on
            ss.id = pi.application_status_id
        WHERE
            `proforma_invoice`.date BETWEEN '2019-08-01' AND '2019-09-04'
              LIMIT 0,10) {"exception":"[object] (Illuminate\\Database\\QueryException(code: 42S22): SQLSTATE[42S22]: Column not found: 1054 Unknown column 'proforma_invoice.date' in 'where clause' (SQL: 
        SELECT
            pi.id,
            date,
            pi.proforma_invoice_full_no,
            b.name as business_name,
            u.user_name as salesperson_name,
            pi.total_net_amount,
            ss.name
        FROM
            `proforma_invoice` as pi
        inner join
            business b
        on
            b.id =  pi.business_id
        left outer join
            user u
        on
            u.id = pi.sales_person_id
        left outer join
            application_status ss
        on
            ss.id = pi.application_status_id
        WHERE
            `proforma_invoice`.date BETWEEN '2019-08-01' AND '2019-09-04'
              LIMIT 0,10) at E:\\Alpha\\CRM_OldFurn\\oldfurn\\aesapi\\vendor\\laravel\\framework\\src\\Illuminate\\Database\\Connection.php:664, Doctrine\\DBAL\\Driver\\PDOException(code: 42S22): SQLSTATE[42S22]: Column not found: 1054 Unknown column 'proforma_invoice.date' in 'where clause' at E:\\Alpha\\CRM_OldFurn\\oldfurn\\aesapi\\vendor\\doctrine\\dbal\\lib\\Doctrine\\DBAL\\Driver\\PDOConnection.php:63, PDOException(code: 42S22): SQLSTATE[42S22]: Column not found: 1054 Unknown column 'proforma_invoice.date' in 'where clause' at E:\\Alpha\\CRM_OldFurn\\oldfurn\\aesapi\\vendor\\doctrine\\dbal\\lib\\Doctrine\\DBAL\\Driver\\PDOConnection.php:61)
[stacktrace]
#0 E:\\Alpha\\CRM_OldFurn\\oldfurn\\aesapi\\vendor\\laravel\\framework\\src\\Illuminate\\Database\\Connection.php(624): Illuminate\\Database\\Connection->runQueryCallback('\
        SELECT...', Array, Object(Closure))
#1 E:\\Alpha\\CRM_OldFurn\\oldfurn\\aesapi\\vendor\\laravel\\framework\\src\\Illuminate\\Database\\Connection.php(333): Illuminate\\Database\\Connection->run('\
        SELECT...', Array, Object(Closure))
#2 E:\\Alpha\\CRM_OldFurn\\oldfurn\\aesapi\\vendor\\laravel\\framework\\src\\Illuminate\\Database\\DatabaseManager.php(349): Illuminate\\Database\\Connection->select('\
        SELECT...')
#3 E:\\Alpha\\CRM_OldFurn\\oldfurn\\aesapi\\vendor\\laravel\\framework\\src\\Illuminate\\Support\\Facades\\Facade.php(237): Illuminate\\Database\\DatabaseManager->__call('select', Array)
#4 E:\\Alpha\\CRM_OldFurn\\oldfurn\\aesapi\\app\\Http\\ApiController\\ProformaInvoiceController.php(73): Illuminate\\Support\\Facades\\Facade::__callStatic('select', Array)
#5 [internal function]: App\\Http\\ApiController\\ProformaInvoiceController->ProformaInvoiceSearchAndList(Object(Illuminate\\Http\\Request), '2019-08-01', '2019-09-04')
#6 E:\\Alpha\\CRM_OldFurn\\oldfurn\\aesapi\\vendor\\laravel\\framework\\src\\Illuminate\\Routing\\Controller.php(54): call_user_func_array(Array, Array)
#7 E:\\Alpha\\CRM_OldFurn\\oldfurn\\aesapi\\vendor\\laravel\\framework\\src\\Illuminate\\Routing\\ControllerDispatcher.php(45): Illuminate\\Routing\\Controller->callAction('ProformaInvoice...', Array)
#8 E:\\Alpha\\CRM_OldFurn\\oldfurn\\aesapi\\vendor\\laravel\\framework\\src\\Illuminate\\Routing\\Route.php(219): Illuminate\\Routing\\ControllerDispatcher->dispatch(Object(Illuminate\\Routing\\Route), Object(App\\Http\\ApiController\\ProformaInvoiceController), 'ProformaInvoice...')
#9 E:\\Alpha\\CRM_OldFurn\\oldfurn\\aesapi\\vendor\\laravel\\framework\\src\\Illuminate\\Routing\\Route.php(176): Illuminate\\Routing\\Route->runController()
#10 E:\\Alpha\\CRM_OldFurn\\oldfurn\\aesapi\\vendor\\laravel\\framework\\src\\Illuminate\\Routing\\Router.php(680): Illuminate\\Routing\\Route->run()
#11 E:\\Alpha\\CRM_OldFurn\\oldfurn\\aesapi\\vendor\\laravel\\framework\\src\\Illuminate\\Routing\\Pipeline.php(30): Illuminate\\Routing\\Router->Illuminate\\Routing\\{closure}(Object(Illuminate\\Http\\Request))
#12 E:\\Alpha\\CRM_OldFurn\\oldfurn\\aesapi\\app\\Http\\Middleware\\APIToken.php(22): Illuminate\\Routing\\Pipeline->Illuminate\\Routing\\{closure}(Object(Illuminate\\Http\\Request))
#13 E:\\Alpha\\CRM_OldFurn\\oldfurn\\aesapi\\vendor\\laravel\\framework\\src\\Illuminate\\Pipeline\\Pipeline.php(163): App\\Http\\Middleware\\APIToken->handle(Object(Illuminate\\Http\\Request), Object(Closure))
#14 E:\\Alpha\\CRM_OldFurn\\oldfurn\\aesapi\\vendor\\laravel\\framework\\src\\Illuminate\\Routing\\Pipeline.php(53): Illuminate\\Pipeline\\Pipeline->Illuminate\\Pipeline\\{closure}(Object(Illuminate\\Http\\Request))
#15 E:\\Alpha\\CRM_OldFurn\\oldfurn\\aesapi\\vendor\\barryvdh\\laravel-cors\\src\\HandleCors.php(58): Illuminate\\Routing\\Pipeline->Illuminate\\Routing\\{closure}(Object(Illuminate\\Http\\Request))
#16 E:\\Alpha\\CRM_OldFurn\\oldfurn\\aesapi\\vendor\\laravel\\framework\\src\\Illuminate\\Pipeline\\Pipeline.php(163): Barryvdh\\Cors\\HandleCors->handle(Object(Illuminate\\Http\\Request), Object(Closure))
#17 E:\\Alpha\\CRM_OldFurn\\oldfurn\\aesapi\\vendor\\laravel\\framework\\src\\Illuminate\\Routing\\Pipeline.php(53): Illuminate\\Pipeline\\Pipeline->Illuminate\\Pipeline\\{closure}(Object(Illuminate\\Http\\Request))
#18 E:\\Alpha\\CRM_OldFurn\\oldfurn\\aesapi\\vendor\\laravel\\framework\\src\\Illuminate\\Pipeline\\Pipeline.php(104): Illuminate\\Routing\\Pipeline->Illuminate\\Routing\\{closure}(Object(Illuminate\\Http\\Request))
#19 E:\\Alpha\\CRM_OldFurn\\oldfurn\\aesapi\\vendor\\laravel\\framework\\src\\Illuminate\\Routing\\Router.php(682): Illuminate\\Pipeline\\Pipeline->then(Object(Closure))
#20 E:\\Alpha\\CRM_OldFurn\\oldfurn\\aesapi\\vendor\\laravel\\framework\\src\\Illuminate\\Routing\\Router.php(657): Illuminate\\Routing\\Router->runRouteWithinStack(Object(Illuminate\\Routing\\Route), Object(Illuminate\\Http\\Request))
#21 E:\\Alpha\\CRM_OldFurn\\oldfurn\\aesapi\\vendor\\laravel\\framework\\src\\Illuminate\\Routing\\Router.php(623): Illuminate\\Routing\\Router->runRoute(Object(Illuminate\\Http\\Request), Object(Illuminate\\Routing\\Route))
#22 E:\\Alpha\\CRM_OldFurn\\oldfurn\\aesapi\\vendor\\laravel\\framework\\src\\Illuminate\\Routing\\Router.php(612): Illuminate\\Routing\\Router->dispatchToRoute(Object(Illuminate\\Http\\Request))
#23 E:\\Alpha\\CRM_OldFurn\\oldfurn\\aesapi\\vendor\\laravel\\framework\\src\\Illuminate\\Foundation\\Http\\Kernel.php(176): Illuminate\\Routing\\Router->dispatch(Object(Illuminate\\Http\\Request))
#24 E:\\Alpha\\CRM_OldFurn\\oldfurn\\aesapi\\vendor\\laravel\\framework\\src\\Illuminate\\Routing\\Pipeline.php(30): Illuminate\\Foundation\\Http\\Kernel->Illuminate\\Foundation\\Http\\{closure}(Object(Illuminate\\Http\\Request))
#25 E:\\Alpha\\CRM_OldFurn\\oldfurn\\aesapi\\vendor\\barryvdh\\laravel-cors\\src\\HandleCors.php(58): Illuminate\\Routing\\Pipeline->Illuminate\\Routing\\{closure}(Object(Illuminate\\Http\\Request))
#26 E:\\Alpha\\CRM_OldFurn\\oldfurn\\aesapi\\vendor\\laravel\\framework\\src\\Illuminate\\Pipeline\\Pipeline.php(163): Barryvdh\\Cors\\HandleCors->handle(Object(Illuminate\\Http\\Request), Object(Closure))
#27 E:\\Alpha\\CRM_OldFurn\\oldfurn\\aesapi\\vendor\\laravel\\framework\\src\\Illuminate\\Routing\\Pipeline.php(53): Illuminate\\Pipeline\\Pipeline->Illuminate\\Pipeline\\{closure}(Object(Illuminate\\Http\\Request))
#28 E:\\Alpha\\CRM_OldFurn\\oldfurn\\aesapi\\vendor\\fideloper\\proxy\\src\\TrustProxies.php(57): Illuminate\\Routing\\Pipeline->Illuminate\\Routing\\{closure}(Object(Illuminate\\Http\\Request))
#29 E:\\Alpha\\CRM_OldFurn\\oldfurn\\aesapi\\vendor\\laravel\\framework\\src\\Illuminate\\Pipeline\\Pipeline.php(163): Fideloper\\Proxy\\TrustProxies->handle(Object(Illuminate\\Http\\Request), Object(Closure))
#30 E:\\Alpha\\CRM_OldFurn\\oldfurn\\aesapi\\vendor\\laravel\\framework\\src\\Illuminate\\Routing\\Pipeline.php(53): Illuminate\\Pipeline\\Pipeline->Illuminate\\Pipeline\\{closure}(Object(Illuminate\\Http\\Request))
#31 E:\\Alpha\\CRM_OldFurn\\oldfurn\\aesapi\\vendor\\laravel\\framework\\src\\Illuminate\\Foundation\\Http\\Middleware\\TransformsRequest.php(21): Illuminate\\Routing\\Pipeline->Illuminate\\Routing\\{closure}(Object(Illuminate\\Http\\Request))
#32 E:\\Alpha\\CRM_OldFurn\\oldfurn\\aesapi\\vendor\\laravel\\framework\\src\\Illuminate\\Pipeline\\Pipeline.php(163): Illuminate\\Foundation\\Http\\Middleware\\TransformsRequest->handle(Object(Illuminate\\Http\\Request), Object(Closure))
#33 E:\\Alpha\\CRM_OldFurn\\oldfurn\\aesapi\\vendor\\laravel\\framework\\src\\Illuminate\\Routing\\Pipeline.php(53): Illuminate\\Pipeline\\Pipeline->Illuminate\\Pipeline\\{closure}(Object(Illuminate\\Http\\Request))
#34 E:\\Alpha\\CRM_OldFurn\\oldfurn\\aesapi\\vendor\\laravel\\framework\\src\\Illuminate\\Foundation\\Http\\Middleware\\TransformsRequest.php(21): Illuminate\\Routing\\Pipeline->Illuminate\\Routing\\{closure}(Object(Illuminate\\Http\\Request))
#35 E:\\Alpha\\CRM_OldFurn\\oldfurn\\aesapi\\vendor\\laravel\\framework\\src\\Illuminate\\Pipeline\\Pipeline.php(163): Illuminate\\Foundation\\Http\\Middleware\\TransformsRequest->handle(Object(Illuminate\\Http\\Request), Object(Closure))
#36 E:\\Alpha\\CRM_OldFurn\\oldfurn\\aesapi\\vendor\\laravel\\framework\\src\\Illuminate\\Routing\\Pipeline.php(53): Illuminate\\Pipeline\\Pipeline->Illuminate\\Pipeline\\{closure}(Object(Illuminate\\Http\\Request))
#37 E:\\Alpha\\CRM_OldFurn\\oldfurn\\aesapi\\vendor\\laravel\\framework\\src\\Illuminate\\Foundation\\Http\\Middleware\\ValidatePostSize.php(27): Illuminate\\Routing\\Pipeline->Illuminate\\Routing\\{closure}(Object(Illuminate\\Http\\Request))
#38 E:\\Alpha\\CRM_OldFurn\\oldfurn\\aesapi\\vendor\\laravel\\framework\\src\\Illuminate\\Pipeline\\Pipeline.php(163): Illuminate\\Foundation\\Http\\Middleware\\ValidatePostSize->handle(Object(Illuminate\\Http\\Request), Object(Closure))
#39 E:\\Alpha\\CRM_OldFurn\\oldfurn\\aesapi\\vendor\\laravel\\framework\\src\\Illuminate\\Routing\\Pipeline.php(53): Illuminate\\Pipeline\\Pipeline->Illuminate\\Pipeline\\{closure}(Object(Illuminate\\Http\\Request))
#40 E:\\Alpha\\CRM_OldFurn\\oldfurn\\aesapi\\vendor\\laravel\\framework\\src\\Illuminate\\Foundation\\Http\\Middleware\\CheckForMaintenanceMode.php(62): Illuminate\\Routing\\Pipeline->Illuminate\\Routing\\{closure}(Object(Illuminate\\Http\\Request))
#41 E:\\Alpha\\CRM_OldFurn\\oldfurn\\aesapi\\vendor\\laravel\\framework\\src\\Illuminate\\Pipeline\\Pipeline.php(163): Illuminate\\Foundation\\Http\\Middleware\\CheckForMaintenanceMode->handle(Object(Illuminate\\Http\\Request), Object(Closure))
#42 E:\\Alpha\\CRM_OldFurn\\oldfurn\\aesapi\\vendor\\laravel\\framework\\src\\Illuminate\\Routing\\Pipeline.php(53): Illuminate\\Pipeline\\Pipeline->Illuminate\\Pipeline\\{closure}(Object(Illuminate\\Http\\Request))
#43 E:\\Alpha\\CRM_OldFurn\\oldfurn\\aesapi\\vendor\\laravel\\framework\\src\\Illuminate\\Pipeline\\Pipeline.php(104): Illuminate\\Routing\\Pipeline->Illuminate\\Routing\\{closure}(Object(Illuminate\\Http\\Request))
#44 E:\\Alpha\\CRM_OldFurn\\oldfurn\\aesapi\\vendor\\laravel\\framework\\src\\Illuminate\\Foundation\\Http\\Kernel.php(151): Illuminate\\Pipeline\\Pipeline->then(Object(Closure))
#45 E:\\Alpha\\CRM_OldFurn\\oldfurn\\aesapi\\vendor\\laravel\\framework\\src\\Illuminate\\Foundation\\Http\\Kernel.php(116): Illuminate\\Foundation\\Http\\Kernel->sendRequestThroughRouter(Object(Illuminate\\Http\\Request))
#46 E:\\Alpha\\CRM_OldFurn\\oldfurn\\aesapi\\public\\index.php(55): Illuminate\\Foundation\\Http\\Kernel->handle(Object(Illuminate\\Http\\Request))
#47 E:\\Alpha\\CRM_OldFurn\\oldfurn\\aesapi\\server.php(21): require_once('E:\\\\Alpha\\\\CRM_Ol...')
#48 {main}
"} 
[2019-09-03 13:07:52] local.ERROR: SQLSTATE[42S22]: Column not found: 1054 Unknown column 'proforma_invoice.date' in 'where clause' (SQL: 
        SELECT
            pi.id,
            date,
            pi.proforma_invoice_full_no,
            b.name as business_name,
            u.user_name as salesperson_name,
            pi.total_net_amount,
            ss.name
        FROM
            `proforma_invoice` as pi
        inner join
            business b
        on
            b.id =  pi.business_id
        left outer join
            user u
        on
            u.id = pi.sales_person_id
        left outer join
            application_status ss
        on
            ss.id = pi.application_status_id
        WHERE
            `proforma_invoice`.date BETWEEN '2019-08-01' AND '2019-09-04'
              LIMIT 0,10) {"exception":"[object] (Illuminate\\Database\\QueryException(code: 42S22): SQLSTATE[42S22]: Column not found: 1054 Unknown column 'proforma_invoice.date' in 'where clause' (SQL: 
        SELECT
            pi.id,
            date,
            pi.proforma_invoice_full_no,
            b.name as business_name,
            u.user_name as salesperson_name,
            pi.total_net_amount,
            ss.name
        FROM
            `proforma_invoice` as pi
        inner join
            business b
        on
            b.id =  pi.business_id
        left outer join
            user u
        on
            u.id = pi.sales_person_id
        left outer join
            application_status ss
        on
            ss.id = pi.application_status_id
        WHERE
            `proforma_invoice`.date BETWEEN '2019-08-01' AND '2019-09-04'
              LIMIT 0,10) at E:\\Alpha\\CRM_OldFurn\\oldfurn\\aesapi\\vendor\\laravel\\framework\\src\\Illuminate\\Database\\Connection.php:664, Doctrine\\DBAL\\Driver\\PDOException(code: 42S22): SQLSTATE[42S22]: Column not found: 1054 Unknown column 'proforma_invoice.date' in 'where clause' at E:\\Alpha\\CRM_OldFurn\\oldfurn\\aesapi\\vendor\\doctrine\\dbal\\lib\\Doctrine\\DBAL\\Driver\\PDOConnection.php:63, PDOException(code: 42S22): SQLSTATE[42S22]: Column not found: 1054 Unknown column 'proforma_invoice.date' in 'where clause' at E:\\Alpha\\CRM_OldFurn\\oldfurn\\aesapi\\vendor\\doctrine\\dbal\\lib\\Doctrine\\DBAL\\Driver\\PDOConnection.php:61)
[stacktrace]
#0 E:\\Alpha\\CRM_OldFurn\\oldfurn\\aesapi\\vendor\\laravel\\framework\\src\\Illuminate\\Database\\Connection.php(624): Illuminate\\Database\\Connection->runQueryCallback('\
        SELECT...', Array, Object(Closure))
#1 E:\\Alpha\\CRM_OldFurn\\oldfurn\\aesapi\\vendor\\laravel\\framework\\src\\Illuminate\\Database\\Connection.php(333): Illuminate\\Database\\Connection->run('\
        SELECT...', Array, Object(Closure))
#2 E:\\Alpha\\CRM_OldFurn\\oldfurn\\aesapi\\vendor\\laravel\\framework\\src\\Illuminate\\Database\\DatabaseManager.php(349): Illuminate\\Database\\Connection->select('\
        SELECT...')
#3 E:\\Alpha\\CRM_OldFurn\\oldfurn\\aesapi\\vendor\\laravel\\framework\\src\\Illuminate\\Support\\Facades\\Facade.php(237): Illuminate\\Database\\DatabaseManager->__call('select', Array)
#4 E:\\Alpha\\CRM_OldFurn\\oldfurn\\aesapi\\app\\Http\\ApiController\\ProformaInvoiceController.php(73): Illuminate\\Support\\Facades\\Facade::__callStatic('select', Array)
#5 [internal function]: App\\Http\\ApiController\\ProformaInvoiceController->ProformaInvoiceSearchAndList(Object(Illuminate\\Http\\Request), '2019-08-01', '2019-09-04')
#6 E:\\Alpha\\CRM_OldFurn\\oldfurn\\aesapi\\vendor\\laravel\\framework\\src\\Illuminate\\Routing\\Controller.php(54): call_user_func_array(Array, Array)
#7 E:\\Alpha\\CRM_OldFurn\\oldfurn\\aesapi\\vendor\\laravel\\framework\\src\\Illuminate\\Routing\\ControllerDispatcher.php(45): Illuminate\\Routing\\Controller->callAction('ProformaInvoice...', Array)
#8 E:\\Alpha\\CRM_OldFurn\\oldfurn\\aesapi\\vendor\\laravel\\framework\\src\\Illuminate\\Routing\\Route.php(219): Illuminate\\Routing\\ControllerDispatcher->dispatch(Object(Illuminate\\Routing\\Route), Object(App\\Http\\ApiController\\ProformaInvoiceController), 'ProformaInvoice...')
#9 E:\\Alpha\\CRM_OldFurn\\oldfurn\\aesapi\\vendor\\laravel\\framework\\src\\Illuminate\\Routing\\Route.php(176): Illuminate\\Routing\\Route->runController()
#10 E:\\Alpha\\CRM_OldFurn\\oldfurn\\aesapi\\vendor\\laravel\\framework\\src\\Illuminate\\Routing\\Router.php(680): Illuminate\\Routing\\Route->run()
#11 E:\\Alpha\\CRM_OldFurn\\oldfurn\\aesapi\\vendor\\laravel\\framework\\src\\Illuminate\\Routing\\Pipeline.php(30): Illuminate\\Routing\\Router->Illuminate\\Routing\\{closure}(Object(Illuminate\\Http\\Request))
#12 E:\\Alpha\\CRM_OldFurn\\oldfurn\\aesapi\\app\\Http\\Middleware\\APIToken.php(22): Illuminate\\Routing\\Pipeline->Illuminate\\Routing\\{closure}(Object(Illuminate\\Http\\Request))
#13 E:\\Alpha\\CRM_OldFurn\\oldfurn\\aesapi\\vendor\\laravel\\framework\\src\\Illuminate\\Pipeline\\Pipeline.php(163): App\\Http\\Middleware\\APIToken->handle(Object(Illuminate\\Http\\Request), Object(Closure))
#14 E:\\Alpha\\CRM_OldFurn\\oldfurn\\aesapi\\vendor\\laravel\\framework\\src\\Illuminate\\Routing\\Pipeline.php(53): Illuminate\\Pipeline\\Pipeline->Illuminate\\Pipeline\\{closure}(Object(Illuminate\\Http\\Request))
#15 E:\\Alpha\\CRM_OldFurn\\oldfurn\\aesapi\\vendor\\barryvdh\\laravel-cors\\src\\HandleCors.php(58): Illuminate\\Routing\\Pipeline->Illuminate\\Routing\\{closure}(Object(Illuminate\\Http\\Request))
#16 E:\\Alpha\\CRM_OldFurn\\oldfurn\\aesapi\\vendor\\laravel\\framework\\src\\Illuminate\\Pipeline\\Pipeline.php(163): Barryvdh\\Cors\\HandleCors->handle(Object(Illuminate\\Http\\Request), Object(Closure))
#17 E:\\Alpha\\CRM_OldFurn\\oldfurn\\aesapi\\vendor\\laravel\\framework\\src\\Illuminate\\Routing\\Pipeline.php(53): Illuminate\\Pipeline\\Pipeline->Illuminate\\Pipeline\\{closure}(Object(Illuminate\\Http\\Request))
#18 E:\\Alpha\\CRM_OldFurn\\oldfurn\\aesapi\\vendor\\laravel\\framework\\src\\Illuminate\\Pipeline\\Pipeline.php(104): Illuminate\\Routing\\Pipeline->Illuminate\\Routing\\{closure}(Object(Illuminate\\Http\\Request))
#19 E:\\Alpha\\CRM_OldFurn\\oldfurn\\aesapi\\vendor\\laravel\\framework\\src\\Illuminate\\Routing\\Router.php(682): Illuminate\\Pipeline\\Pipeline->then(Object(Closure))
#20 E:\\Alpha\\CRM_OldFurn\\oldfurn\\aesapi\\vendor\\laravel\\framework\\src\\Illuminate\\Routing\\Router.php(657): Illuminate\\Routing\\Router->runRouteWithinStack(Object(Illuminate\\Routing\\Route), Object(Illuminate\\Http\\Request))
#21 E:\\Alpha\\CRM_OldFurn\\oldfurn\\aesapi\\vendor\\laravel\\framework\\src\\Illuminate\\Routing\\Router.php(623): Illuminate\\Routing\\Router->runRoute(Object(Illuminate\\Http\\Request), Object(Illuminate\\Routing\\Route))
#22 E:\\Alpha\\CRM_OldFurn\\oldfurn\\aesapi\\vendor\\laravel\\framework\\src\\Illuminate\\Routing\\Router.php(612): Illuminate\\Routing\\Router->dispatchToRoute(Object(Illuminate\\Http\\Request))
#23 E:\\Alpha\\CRM_OldFurn\\oldfurn\\aesapi\\vendor\\laravel\\framework\\src\\Illuminate\\Foundation\\Http\\Kernel.php(176): Illuminate\\Routing\\Router->dispatch(Object(Illuminate\\Http\\Request))
#24 E:\\Alpha\\CRM_OldFurn\\oldfurn\\aesapi\\vendor\\laravel\\framework\\src\\Illuminate\\Routing\\Pipeline.php(30): Illuminate\\Foundation\\Http\\Kernel->Illuminate\\Foundation\\Http\\{closure}(Object(Illuminate\\Http\\Request))
#25 E:\\Alpha\\CRM_OldFurn\\oldfurn\\aesapi\\vendor\\barryvdh\\laravel-cors\\src\\HandleCors.php(58): Illuminate\\Routing\\Pipeline->Illuminate\\Routing\\{closure}(Object(Illuminate\\Http\\Request))
#26 E:\\Alpha\\CRM_OldFurn\\oldfurn\\aesapi\\vendor\\laravel\\framework\\src\\Illuminate\\Pipeline\\Pipeline.php(163): Barryvdh\\Cors\\HandleCors->handle(Object(Illuminate\\Http\\Request), Object(Closure))
#27 E:\\Alpha\\CRM_OldFurn\\oldfurn\\aesapi\\vendor\\laravel\\framework\\src\\Illuminate\\Routing\\Pipeline.php(53): Illuminate\\Pipeline\\Pipeline->Illuminate\\Pipeline\\{closure}(Object(Illuminate\\Http\\Request))
#28 E:\\Alpha\\CRM_OldFurn\\oldfurn\\aesapi\\vendor\\fideloper\\proxy\\src\\TrustProxies.php(57): Illuminate\\Routing\\Pipeline->Illuminate\\Routing\\{closure}(Object(Illuminate\\Http\\Request))
#29 E:\\Alpha\\CRM_OldFurn\\oldfurn\\aesapi\\vendor\\laravel\\framework\\src\\Illuminate\\Pipeline\\Pipeline.php(163): Fideloper\\Proxy\\TrustProxies->handle(Object(Illuminate\\Http\\Request), Object(Closure))
#30 E:\\Alpha\\CRM_OldFurn\\oldfurn\\aesapi\\vendor\\laravel\\framework\\src\\Illuminate\\Routing\\Pipeline.php(53): Illuminate\\Pipeline\\Pipeline->Illuminate\\Pipeline\\{closure}(Object(Illuminate\\Http\\Request))
#31 E:\\Alpha\\CRM_OldFurn\\oldfurn\\aesapi\\vendor\\laravel\\framework\\src\\Illuminate\\Foundation\\Http\\Middleware\\TransformsRequest.php(21): Illuminate\\Routing\\Pipeline->Illuminate\\Routing\\{closure}(Object(Illuminate\\Http\\Request))
#32 E:\\Alpha\\CRM_OldFurn\\oldfurn\\aesapi\\vendor\\laravel\\framework\\src\\Illuminate\\Pipeline\\Pipeline.php(163): Illuminate\\Foundation\\Http\\Middleware\\TransformsRequest->handle(Object(Illuminate\\Http\\Request), Object(Closure))
#33 E:\\Alpha\\CRM_OldFurn\\oldfurn\\aesapi\\vendor\\laravel\\framework\\src\\Illuminate\\Routing\\Pipeline.php(53): Illuminate\\Pipeline\\Pipeline->Illuminate\\Pipeline\\{closure}(Object(Illuminate\\Http\\Request))
#34 E:\\Alpha\\CRM_OldFurn\\oldfurn\\aesapi\\vendor\\laravel\\framework\\src\\Illuminate\\Foundation\\Http\\Middleware\\TransformsRequest.php(21): Illuminate\\Routing\\Pipeline->Illuminate\\Routing\\{closure}(Object(Illuminate\\Http\\Request))
#35 E:\\Alpha\\CRM_OldFurn\\oldfurn\\aesapi\\vendor\\laravel\\framework\\src\\Illuminate\\Pipeline\\Pipeline.php(163): Illuminate\\Foundation\\Http\\Middleware\\TransformsRequest->handle(Object(Illuminate\\Http\\Request), Object(Closure))
#36 E:\\Alpha\\CRM_OldFurn\\oldfurn\\aesapi\\vendor\\laravel\\framework\\src\\Illuminate\\Routing\\Pipeline.php(53): Illuminate\\Pipeline\\Pipeline->Illuminate\\Pipeline\\{closure}(Object(Illuminate\\Http\\Request))
#37 E:\\Alpha\\CRM_OldFurn\\oldfurn\\aesapi\\vendor\\laravel\\framework\\src\\Illuminate\\Foundation\\Http\\Middleware\\ValidatePostSize.php(27): Illuminate\\Routing\\Pipeline->Illuminate\\Routing\\{closure}(Object(Illuminate\\Http\\Request))
#38 E:\\Alpha\\CRM_OldFurn\\oldfurn\\aesapi\\vendor\\laravel\\framework\\src\\Illuminate\\Pipeline\\Pipeline.php(163): Illuminate\\Foundation\\Http\\Middleware\\ValidatePostSize->handle(Object(Illuminate\\Http\\Request), Object(Closure))
#39 E:\\Alpha\\CRM_OldFurn\\oldfurn\\aesapi\\vendor\\laravel\\framework\\src\\Illuminate\\Routing\\Pipeline.php(53): Illuminate\\Pipeline\\Pipeline->Illuminate\\Pipeline\\{closure}(Object(Illuminate\\Http\\Request))
#40 E:\\Alpha\\CRM_OldFurn\\oldfurn\\aesapi\\vendor\\laravel\\framework\\src\\Illuminate\\Foundation\\Http\\Middleware\\CheckForMaintenanceMode.php(62): Illuminate\\Routing\\Pipeline->Illuminate\\Routing\\{closure}(Object(Illuminate\\Http\\Request))
#41 E:\\Alpha\\CRM_OldFurn\\oldfurn\\aesapi\\vendor\\laravel\\framework\\src\\Illuminate\\Pipeline\\Pipeline.php(163): Illuminate\\Foundation\\Http\\Middleware\\CheckForMaintenanceMode->handle(Object(Illuminate\\Http\\Request), Object(Closure))
#42 E:\\Alpha\\CRM_OldFurn\\oldfurn\\aesapi\\vendor\\laravel\\framework\\src\\Illuminate\\Routing\\Pipeline.php(53): Illuminate\\Pipeline\\Pipeline->Illuminate\\Pipeline\\{closure}(Object(Illuminate\\Http\\Request))
#43 E:\\Alpha\\CRM_OldFurn\\oldfurn\\aesapi\\vendor\\laravel\\framework\\src\\Illuminate\\Pipeline\\Pipeline.php(104): Illuminate\\Routing\\Pipeline->Illuminate\\Routing\\{closure}(Object(Illuminate\\Http\\Request))
#44 E:\\Alpha\\CRM_OldFurn\\oldfurn\\aesapi\\vendor\\laravel\\framework\\src\\Illuminate\\Foundation\\Http\\Kernel.php(151): Illuminate\\Pipeline\\Pipeline->then(Object(Closure))
#45 E:\\Alpha\\CRM_OldFurn\\oldfurn\\aesapi\\vendor\\laravel\\framework\\src\\Illuminate\\Foundation\\Http\\Kernel.php(116): Illuminate\\Foundation\\Http\\Kernel->sendRequestThroughRouter(Object(Illuminate\\Http\\Request))
#46 E:\\Alpha\\CRM_OldFurn\\oldfurn\\aesapi\\public\\index.php(55): Illuminate\\Foundation\\Http\\Kernel->handle(Object(Illuminate\\Http\\Request))
#47 E:\\Alpha\\CRM_OldFurn\\oldfurn\\aesapi\\server.php(21): require_once('E:\\\\Alpha\\\\CRM_Ol...')
#48 {main}
"} 
[2019-09-03 13:07:59] local.ERROR: SQLSTATE[42S22]: Column not found: 1054 Unknown column 'proforma_invoice.date' in 'where clause' (SQL: 
        SELECT
            pi.id,
            date,
            pi.proforma_invoice_full_no,
            b.name as business_name,
            u.user_name as salesperson_name,
            pi.total_net_amount,
            ss.name
        FROM
            `proforma_invoice` as pi
        inner join
            business b
        on
            b.id =  pi.business_id
        left outer join
            user u
        on
            u.id = pi.sales_person_id
        left outer join
            application_status ss
        on
            ss.id = pi.application_status_id
        WHERE
            `proforma_invoice`.date BETWEEN '2019-08-03' AND '2019-09-03'
              LIMIT 0,10) {"exception":"[object] (Illuminate\\Database\\QueryException(code: 42S22): SQLSTATE[42S22]: Column not found: 1054 Unknown column 'proforma_invoice.date' in 'where clause' (SQL: 
        SELECT
            pi.id,
            date,
            pi.proforma_invoice_full_no,
            b.name as business_name,
            u.user_name as salesperson_name,
            pi.total_net_amount,
            ss.name
        FROM
            `proforma_invoice` as pi
        inner join
            business b
        on
            b.id =  pi.business_id
        left outer join
            user u
        on
            u.id = pi.sales_person_id
        left outer join
            application_status ss
        on
            ss.id = pi.application_status_id
        WHERE
            `proforma_invoice`.date BETWEEN '2019-08-03' AND '2019-09-03'
              LIMIT 0,10) at E:\\Alpha\\CRM_OldFurn\\oldfurn\\aesapi\\vendor\\laravel\\framework\\src\\Illuminate\\Database\\Connection.php:664, Doctrine\\DBAL\\Driver\\PDOException(code: 42S22): SQLSTATE[42S22]: Column not found: 1054 Unknown column 'proforma_invoice.date' in 'where clause' at E:\\Alpha\\CRM_OldFurn\\oldfurn\\aesapi\\vendor\\doctrine\\dbal\\lib\\Doctrine\\DBAL\\Driver\\PDOConnection.php:63, PDOException(code: 42S22): SQLSTATE[42S22]: Column not found: 1054 Unknown column 'proforma_invoice.date' in 'where clause' at E:\\Alpha\\CRM_OldFurn\\oldfurn\\aesapi\\vendor\\doctrine\\dbal\\lib\\Doctrine\\DBAL\\Driver\\PDOConnection.php:61)
[stacktrace]
#0 E:\\Alpha\\CRM_OldFurn\\oldfurn\\aesapi\\vendor\\laravel\\framework\\src\\Illuminate\\Database\\Connection.php(624): Illuminate\\Database\\Connection->runQueryCallback('\
        SELECT...', Array, Object(Closure))
#1 E:\\Alpha\\CRM_OldFurn\\oldfurn\\aesapi\\vendor\\laravel\\framework\\src\\Illuminate\\Database\\Connection.php(333): Illuminate\\Database\\Connection->run('\
        SELECT...', Array, Object(Closure))
#2 E:\\Alpha\\CRM_OldFurn\\oldfurn\\aesapi\\vendor\\laravel\\framework\\src\\Illuminate\\Database\\DatabaseManager.php(349): Illuminate\\Database\\Connection->select('\
        SELECT...')
#3 E:\\Alpha\\CRM_OldFurn\\oldfurn\\aesapi\\vendor\\laravel\\framework\\src\\Illuminate\\Support\\Facades\\Facade.php(237): Illuminate\\Database\\DatabaseManager->__call('select', Array)
#4 E:\\Alpha\\CRM_OldFurn\\oldfurn\\aesapi\\app\\Http\\ApiController\\ProformaInvoiceController.php(73): Illuminate\\Support\\Facades\\Facade::__callStatic('select', Array)
#5 [internal function]: App\\Http\\ApiController\\ProformaInvoiceController->ProformaInvoiceSearchAndList(Object(Illuminate\\Http\\Request), '2019-08-03', '2019-09-03')
#6 E:\\Alpha\\CRM_OldFurn\\oldfurn\\aesapi\\vendor\\laravel\\framework\\src\\Illuminate\\Routing\\Controller.php(54): call_user_func_array(Array, Array)
#7 E:\\Alpha\\CRM_OldFurn\\oldfurn\\aesapi\\vendor\\laravel\\framework\\src\\Illuminate\\Routing\\ControllerDispatcher.php(45): Illuminate\\Routing\\Controller->callAction('ProformaInvoice...', Array)
#8 E:\\Alpha\\CRM_OldFurn\\oldfurn\\aesapi\\vendor\\laravel\\framework\\src\\Illuminate\\Routing\\Route.php(219): Illuminate\\Routing\\ControllerDispatcher->dispatch(Object(Illuminate\\Routing\\Route), Object(App\\Http\\ApiController\\ProformaInvoiceController), 'ProformaInvoice...')
#9 E:\\Alpha\\CRM_OldFurn\\oldfurn\\aesapi\\vendor\\laravel\\framework\\src\\Illuminate\\Routing\\Route.php(176): Illuminate\\Routing\\Route->runController()
#10 E:\\Alpha\\CRM_OldFurn\\oldfurn\\aesapi\\vendor\\laravel\\framework\\src\\Illuminate\\Routing\\Router.php(680): Illuminate\\Routing\\Route->run()
#11 E:\\Alpha\\CRM_OldFurn\\oldfurn\\aesapi\\vendor\\laravel\\framework\\src\\Illuminate\\Routing\\Pipeline.php(30): Illuminate\\Routing\\Router->Illuminate\\Routing\\{closure}(Object(Illuminate\\Http\\Request))
#12 E:\\Alpha\\CRM_OldFurn\\oldfurn\\aesapi\\app\\Http\\Middleware\\APIToken.php(22): Illuminate\\Routing\\Pipeline->Illuminate\\Routing\\{closure}(Object(Illuminate\\Http\\Request))
#13 E:\\Alpha\\CRM_OldFurn\\oldfurn\\aesapi\\vendor\\laravel\\framework\\src\\Illuminate\\Pipeline\\Pipeline.php(163): App\\Http\\Middleware\\APIToken->handle(Object(Illuminate\\Http\\Request), Object(Closure))
#14 E:\\Alpha\\CRM_OldFurn\\oldfurn\\aesapi\\vendor\\laravel\\framework\\src\\Illuminate\\Routing\\Pipeline.php(53): Illuminate\\Pipeline\\Pipeline->Illuminate\\Pipeline\\{closure}(Object(Illuminate\\Http\\Request))
#15 E:\\Alpha\\CRM_OldFurn\\oldfurn\\aesapi\\vendor\\barryvdh\\laravel-cors\\src\\HandleCors.php(58): Illuminate\\Routing\\Pipeline->Illuminate\\Routing\\{closure}(Object(Illuminate\\Http\\Request))
#16 E:\\Alpha\\CRM_OldFurn\\oldfurn\\aesapi\\vendor\\laravel\\framework\\src\\Illuminate\\Pipeline\\Pipeline.php(163): Barryvdh\\Cors\\HandleCors->handle(Object(Illuminate\\Http\\Request), Object(Closure))
#17 E:\\Alpha\\CRM_OldFurn\\oldfurn\\aesapi\\vendor\\laravel\\framework\\src\\Illuminate\\Routing\\Pipeline.php(53): Illuminate\\Pipeline\\Pipeline->Illuminate\\Pipeline\\{closure}(Object(Illuminate\\Http\\Request))
#18 E:\\Alpha\\CRM_OldFurn\\oldfurn\\aesapi\\vendor\\laravel\\framework\\src\\Illuminate\\Pipeline\\Pipeline.php(104): Illuminate\\Routing\\Pipeline->Illuminate\\Routing\\{closure}(Object(Illuminate\\Http\\Request))
#19 E:\\Alpha\\CRM_OldFurn\\oldfurn\\aesapi\\vendor\\laravel\\framework\\src\\Illuminate\\Routing\\Router.php(682): Illuminate\\Pipeline\\Pipeline->then(Object(Closure))
#20 E:\\Alpha\\CRM_OldFurn\\oldfurn\\aesapi\\vendor\\laravel\\framework\\src\\Illuminate\\Routing\\Router.php(657): Illuminate\\Routing\\Router->runRouteWithinStack(Object(Illuminate\\Routing\\Route), Object(Illuminate\\Http\\Request))
#21 E:\\Alpha\\CRM_OldFurn\\oldfurn\\aesapi\\vendor\\laravel\\framework\\src\\Illuminate\\Routing\\Router.php(623): Illuminate\\Routing\\Router->runRoute(Object(Illuminate\\Http\\Request), Object(Illuminate\\Routing\\Route))
#22 E:\\Alpha\\CRM_OldFurn\\oldfurn\\aesapi\\vendor\\laravel\\framework\\src\\Illuminate\\Routing\\Router.php(612): Illuminate\\Routing\\Router->dispatchToRoute(Object(Illuminate\\Http\\Request))
#23 E:\\Alpha\\CRM_OldFurn\\oldfurn\\aesapi\\vendor\\laravel\\framework\\src\\Illuminate\\Foundation\\Http\\Kernel.php(176): Illuminate\\Routing\\Router->dispatch(Object(Illuminate\\Http\\Request))
#24 E:\\Alpha\\CRM_OldFurn\\oldfurn\\aesapi\\vendor\\laravel\\framework\\src\\Illuminate\\Routing\\Pipeline.php(30): Illuminate\\Foundation\\Http\\Kernel->Illuminate\\Foundation\\Http\\{closure}(Object(Illuminate\\Http\\Request))
#25 E:\\Alpha\\CRM_OldFurn\\oldfurn\\aesapi\\vendor\\barryvdh\\laravel-cors\\src\\HandleCors.php(58): Illuminate\\Routing\\Pipeline->Illuminate\\Routing\\{closure}(Object(Illuminate\\Http\\Request))
#26 E:\\Alpha\\CRM_OldFurn\\oldfurn\\aesapi\\vendor\\laravel\\framework\\src\\Illuminate\\Pipeline\\Pipeline.php(163): Barryvdh\\Cors\\HandleCors->handle(Object(Illuminate\\Http\\Request), Object(Closure))
#27 E:\\Alpha\\CRM_OldFurn\\oldfurn\\aesapi\\vendor\\laravel\\framework\\src\\Illuminate\\Routing\\Pipeline.php(53): Illuminate\\Pipeline\\Pipeline->Illuminate\\Pipeline\\{closure}(Object(Illuminate\\Http\\Request))
#28 E:\\Alpha\\CRM_OldFurn\\oldfurn\\aesapi\\vendor\\fideloper\\proxy\\src\\TrustProxies.php(57): Illuminate\\Routing\\Pipeline->Illuminate\\Routing\\{closure}(Object(Illuminate\\Http\\Request))
#29 E:\\Alpha\\CRM_OldFurn\\oldfurn\\aesapi\\vendor\\laravel\\framework\\src\\Illuminate\\Pipeline\\Pipeline.php(163): Fideloper\\Proxy\\TrustProxies->handle(Object(Illuminate\\Http\\Request), Object(Closure))
#30 E:\\Alpha\\CRM_OldFurn\\oldfurn\\aesapi\\vendor\\laravel\\framework\\src\\Illuminate\\Routing\\Pipeline.php(53): Illuminate\\Pipeline\\Pipeline->Illuminate\\Pipeline\\{closure}(Object(Illuminate\\Http\\Request))
#31 E:\\Alpha\\CRM_OldFurn\\oldfurn\\aesapi\\vendor\\laravel\\framework\\src\\Illuminate\\Foundation\\Http\\Middleware\\TransformsRequest.php(21): Illuminate\\Routing\\Pipeline->Illuminate\\Routing\\{closure}(Object(Illuminate\\Http\\Request))
#32 E:\\Alpha\\CRM_OldFurn\\oldfurn\\aesapi\\vendor\\laravel\\framework\\src\\Illuminate\\Pipeline\\Pipeline.php(163): Illuminate\\Foundation\\Http\\Middleware\\TransformsRequest->handle(Object(Illuminate\\Http\\Request), Object(Closure))
#33 E:\\Alpha\\CRM_OldFurn\\oldfurn\\aesapi\\vendor\\laravel\\framework\\src\\Illuminate\\Routing\\Pipeline.php(53): Illuminate\\Pipeline\\Pipeline->Illuminate\\Pipeline\\{closure}(Object(Illuminate\\Http\\Request))
#34 E:\\Alpha\\CRM_OldFurn\\oldfurn\\aesapi\\vendor\\laravel\\framework\\src\\Illuminate\\Foundation\\Http\\Middleware\\TransformsRequest.php(21): Illuminate\\Routing\\Pipeline->Illuminate\\Routing\\{closure}(Object(Illuminate\\Http\\Request))
#35 E:\\Alpha\\CRM_OldFurn\\oldfurn\\aesapi\\vendor\\laravel\\framework\\src\\Illuminate\\Pipeline\\Pipeline.php(163): Illuminate\\Foundation\\Http\\Middleware\\TransformsRequest->handle(Object(Illuminate\\Http\\Request), Object(Closure))
#36 E:\\Alpha\\CRM_OldFurn\\oldfurn\\aesapi\\vendor\\laravel\\framework\\src\\Illuminate\\Routing\\Pipeline.php(53): Illuminate\\Pipeline\\Pipeline->Illuminate\\Pipeline\\{closure}(Object(Illuminate\\Http\\Request))
#37 E:\\Alpha\\CRM_OldFurn\\oldfurn\\aesapi\\vendor\\laravel\\framework\\src\\Illuminate\\Foundation\\Http\\Middleware\\ValidatePostSize.php(27): Illuminate\\Routing\\Pipeline->Illuminate\\Routing\\{closure}(Object(Illuminate\\Http\\Request))
#38 E:\\Alpha\\CRM_OldFurn\\oldfurn\\aesapi\\vendor\\laravel\\framework\\src\\Illuminate\\Pipeline\\Pipeline.php(163): Illuminate\\Foundation\\Http\\Middleware\\ValidatePostSize->handle(Object(Illuminate\\Http\\Request), Object(Closure))
#39 E:\\Alpha\\CRM_OldFurn\\oldfurn\\aesapi\\vendor\\laravel\\framework\\src\\Illuminate\\Routing\\Pipeline.php(53): Illuminate\\Pipeline\\Pipeline->Illuminate\\Pipeline\\{closure}(Object(Illuminate\\Http\\Request))
#40 E:\\Alpha\\CRM_OldFurn\\oldfurn\\aesapi\\vendor\\laravel\\framework\\src\\Illuminate\\Foundation\\Http\\Middleware\\CheckForMaintenanceMode.php(62): Illuminate\\Routing\\Pipeline->Illuminate\\Routing\\{closure}(Object(Illuminate\\Http\\Request))
#41 E:\\Alpha\\CRM_OldFurn\\oldfurn\\aesapi\\vendor\\laravel\\framework\\src\\Illuminate\\Pipeline\\Pipeline.php(163): Illuminate\\Foundation\\Http\\Middleware\\CheckForMaintenanceMode->handle(Object(Illuminate\\Http\\Request), Object(Closure))
#42 E:\\Alpha\\CRM_OldFurn\\oldfurn\\aesapi\\vendor\\laravel\\framework\\src\\Illuminate\\Routing\\Pipeline.php(53): Illuminate\\Pipeline\\Pipeline->Illuminate\\Pipeline\\{closure}(Object(Illuminate\\Http\\Request))
#43 E:\\Alpha\\CRM_OldFurn\\oldfurn\\aesapi\\vendor\\laravel\\framework\\src\\Illuminate\\Pipeline\\Pipeline.php(104): Illuminate\\Routing\\Pipeline->Illuminate\\Routing\\{closure}(Object(Illuminate\\Http\\Request))
#44 E:\\Alpha\\CRM_OldFurn\\oldfurn\\aesapi\\vendor\\laravel\\framework\\src\\Illuminate\\Foundation\\Http\\Kernel.php(151): Illuminate\\Pipeline\\Pipeline->then(Object(Closure))
#45 E:\\Alpha\\CRM_OldFurn\\oldfurn\\aesapi\\vendor\\laravel\\framework\\src\\Illuminate\\Foundation\\Http\\Kernel.php(116): Illuminate\\Foundation\\Http\\Kernel->sendRequestThroughRouter(Object(Illuminate\\Http\\Request))
#46 E:\\Alpha\\CRM_OldFurn\\oldfurn\\aesapi\\public\\index.php(55): Illuminate\\Foundation\\Http\\Kernel->handle(Object(Illuminate\\Http\\Request))
#47 E:\\Alpha\\CRM_OldFurn\\oldfurn\\aesapi\\server.php(21): require_once('E:\\\\Alpha\\\\CRM_Ol...')
#48 {main}
"} 
[2019-09-03 13:08:01] local.ERROR: SQLSTATE[42S22]: Column not found: 1054 Unknown column 'proforma_invoice.date' in 'where clause' (SQL: 
        SELECT
            pi.id,
            date,
            pi.proforma_invoice_full_no,
            b.name as business_name,
            u.user_name as salesperson_name,
            pi.total_net_amount,
            ss.name
        FROM
            `proforma_invoice` as pi
        inner join
            business b
        on
            b.id =  pi.business_id
        left outer join
            user u
        on
            u.id = pi.sales_person_id
        left outer join
            application_status ss
        on
            ss.id = pi.application_status_id
        WHERE
            `proforma_invoice`.date BETWEEN '2019-08-03' AND '2019-09-03'
              LIMIT 0,10) {"exception":"[object] (Illuminate\\Database\\QueryException(code: 42S22): SQLSTATE[42S22]: Column not found: 1054 Unknown column 'proforma_invoice.date' in 'where clause' (SQL: 
        SELECT
            pi.id,
            date,
            pi.proforma_invoice_full_no,
            b.name as business_name,
            u.user_name as salesperson_name,
            pi.total_net_amount,
            ss.name
        FROM
            `proforma_invoice` as pi
        inner join
            business b
        on
            b.id =  pi.business_id
        left outer join
            user u
        on
            u.id = pi.sales_person_id
        left outer join
            application_status ss
        on
            ss.id = pi.application_status_id
        WHERE
            `proforma_invoice`.date BETWEEN '2019-08-03' AND '2019-09-03'
              LIMIT 0,10) at E:\\Alpha\\CRM_OldFurn\\oldfurn\\aesapi\\vendor\\laravel\\framework\\src\\Illuminate\\Database\\Connection.php:664, Doctrine\\DBAL\\Driver\\PDOException(code: 42S22): SQLSTATE[42S22]: Column not found: 1054 Unknown column 'proforma_invoice.date' in 'where clause' at E:\\Alpha\\CRM_OldFurn\\oldfurn\\aesapi\\vendor\\doctrine\\dbal\\lib\\Doctrine\\DBAL\\Driver\\PDOConnection.php:63, PDOException(code: 42S22): SQLSTATE[42S22]: Column not found: 1054 Unknown column 'proforma_invoice.date' in 'where clause' at E:\\Alpha\\CRM_OldFurn\\oldfurn\\aesapi\\vendor\\doctrine\\dbal\\lib\\Doctrine\\DBAL\\Driver\\PDOConnection.php:61)
[stacktrace]
#0 E:\\Alpha\\CRM_OldFurn\\oldfurn\\aesapi\\vendor\\laravel\\framework\\src\\Illuminate\\Database\\Connection.php(624): Illuminate\\Database\\Connection->runQueryCallback('\
        SELECT...', Array, Object(Closure))
#1 E:\\Alpha\\CRM_OldFurn\\oldfurn\\aesapi\\vendor\\laravel\\framework\\src\\Illuminate\\Database\\Connection.php(333): Illuminate\\Database\\Connection->run('\
        SELECT...', Array, Object(Closure))
#2 E:\\Alpha\\CRM_OldFurn\\oldfurn\\aesapi\\vendor\\laravel\\framework\\src\\Illuminate\\Database\\DatabaseManager.php(349): Illuminate\\Database\\Connection->select('\
        SELECT...')
#3 E:\\Alpha\\CRM_OldFurn\\oldfurn\\aesapi\\vendor\\laravel\\framework\\src\\Illuminate\\Support\\Facades\\Facade.php(237): Illuminate\\Database\\DatabaseManager->__call('select', Array)
#4 E:\\Alpha\\CRM_OldFurn\\oldfurn\\aesapi\\app\\Http\\ApiController\\ProformaInvoiceController.php(73): Illuminate\\Support\\Facades\\Facade::__callStatic('select', Array)
#5 [internal function]: App\\Http\\ApiController\\ProformaInvoiceController->ProformaInvoiceSearchAndList(Object(Illuminate\\Http\\Request), '2019-08-03', '2019-09-03')
#6 E:\\Alpha\\CRM_OldFurn\\oldfurn\\aesapi\\vendor\\laravel\\framework\\src\\Illuminate\\Routing\\Controller.php(54): call_user_func_array(Array, Array)
#7 E:\\Alpha\\CRM_OldFurn\\oldfurn\\aesapi\\vendor\\laravel\\framework\\src\\Illuminate\\Routing\\ControllerDispatcher.php(45): Illuminate\\Routing\\Controller->callAction('ProformaInvoice...', Array)
#8 E:\\Alpha\\CRM_OldFurn\\oldfurn\\aesapi\\vendor\\laravel\\framework\\src\\Illuminate\\Routing\\Route.php(219): Illuminate\\Routing\\ControllerDispatcher->dispatch(Object(Illuminate\\Routing\\Route), Object(App\\Http\\ApiController\\ProformaInvoiceController), 'ProformaInvoice...')
#9 E:\\Alpha\\CRM_OldFurn\\oldfurn\\aesapi\\vendor\\laravel\\framework\\src\\Illuminate\\Routing\\Route.php(176): Illuminate\\Routing\\Route->runController()
#10 E:\\Alpha\\CRM_OldFurn\\oldfurn\\aesapi\\vendor\\laravel\\framework\\src\\Illuminate\\Routing\\Router.php(680): Illuminate\\Routing\\Route->run()
#11 E:\\Alpha\\CRM_OldFurn\\oldfurn\\aesapi\\vendor\\laravel\\framework\\src\\Illuminate\\Routing\\Pipeline.php(30): Illuminate\\Routing\\Router->Illuminate\\Routing\\{closure}(Object(Illuminate\\Http\\Request))
#12 E:\\Alpha\\CRM_OldFurn\\oldfurn\\aesapi\\app\\Http\\Middleware\\APIToken.php(22): Illuminate\\Routing\\Pipeline->Illuminate\\Routing\\{closure}(Object(Illuminate\\Http\\Request))
#13 E:\\Alpha\\CRM_OldFurn\\oldfurn\\aesapi\\vendor\\laravel\\framework\\src\\Illuminate\\Pipeline\\Pipeline.php(163): App\\Http\\Middleware\\APIToken->handle(Object(Illuminate\\Http\\Request), Object(Closure))
#14 E:\\Alpha\\CRM_OldFurn\\oldfurn\\aesapi\\vendor\\laravel\\framework\\src\\Illuminate\\Routing\\Pipeline.php(53): Illuminate\\Pipeline\\Pipeline->Illuminate\\Pipeline\\{closure}(Object(Illuminate\\Http\\Request))
#15 E:\\Alpha\\CRM_OldFurn\\oldfurn\\aesapi\\vendor\\barryvdh\\laravel-cors\\src\\HandleCors.php(58): Illuminate\\Routing\\Pipeline->Illuminate\\Routing\\{closure}(Object(Illuminate\\Http\\Request))
#16 E:\\Alpha\\CRM_OldFurn\\oldfurn\\aesapi\\vendor\\laravel\\framework\\src\\Illuminate\\Pipeline\\Pipeline.php(163): Barryvdh\\Cors\\HandleCors->handle(Object(Illuminate\\Http\\Request), Object(Closure))
#17 E:\\Alpha\\CRM_OldFurn\\oldfurn\\aesapi\\vendor\\laravel\\framework\\src\\Illuminate\\Routing\\Pipeline.php(53): Illuminate\\Pipeline\\Pipeline->Illuminate\\Pipeline\\{closure}(Object(Illuminate\\Http\\Request))
#18 E:\\Alpha\\CRM_OldFurn\\oldfurn\\aesapi\\vendor\\laravel\\framework\\src\\Illuminate\\Pipeline\\Pipeline.php(104): Illuminate\\Routing\\Pipeline->Illuminate\\Routing\\{closure}(Object(Illuminate\\Http\\Request))
#19 E:\\Alpha\\CRM_OldFurn\\oldfurn\\aesapi\\vendor\\laravel\\framework\\src\\Illuminate\\Routing\\Router.php(682): Illuminate\\Pipeline\\Pipeline->then(Object(Closure))
#20 E:\\Alpha\\CRM_OldFurn\\oldfurn\\aesapi\\vendor\\laravel\\framework\\src\\Illuminate\\Routing\\Router.php(657): Illuminate\\Routing\\Router->runRouteWithinStack(Object(Illuminate\\Routing\\Route), Object(Illuminate\\Http\\Request))
#21 E:\\Alpha\\CRM_OldFurn\\oldfurn\\aesapi\\vendor\\laravel\\framework\\src\\Illuminate\\Routing\\Router.php(623): Illuminate\\Routing\\Router->runRoute(Object(Illuminate\\Http\\Request), Object(Illuminate\\Routing\\Route))
#22 E:\\Alpha\\CRM_OldFurn\\oldfurn\\aesapi\\vendor\\laravel\\framework\\src\\Illuminate\\Routing\\Router.php(612): Illuminate\\Routing\\Router->dispatchToRoute(Object(Illuminate\\Http\\Request))
#23 E:\\Alpha\\CRM_OldFurn\\oldfurn\\aesapi\\vendor\\laravel\\framework\\src\\Illuminate\\Foundation\\Http\\Kernel.php(176): Illuminate\\Routing\\Router->dispatch(Object(Illuminate\\Http\\Request))
#24 E:\\Alpha\\CRM_OldFurn\\oldfurn\\aesapi\\vendor\\laravel\\framework\\src\\Illuminate\\Routing\\Pipeline.php(30): Illuminate\\Foundation\\Http\\Kernel->Illuminate\\Foundation\\Http\\{closure}(Object(Illuminate\\Http\\Request))
#25 E:\\Alpha\\CRM_OldFurn\\oldfurn\\aesapi\\vendor\\barryvdh\\laravel-cors\\src\\HandleCors.php(58): Illuminate\\Routing\\Pipeline->Illuminate\\Routing\\{closure}(Object(Illuminate\\Http\\Request))
#26 E:\\Alpha\\CRM_OldFurn\\oldfurn\\aesapi\\vendor\\laravel\\framework\\src\\Illuminate\\Pipeline\\Pipeline.php(163): Barryvdh\\Cors\\HandleCors->handle(Object(Illuminate\\Http\\Request), Object(Closure))
#27 E:\\Alpha\\CRM_OldFurn\\oldfurn\\aesapi\\vendor\\laravel\\framework\\src\\Illuminate\\Routing\\Pipeline.php(53): Illuminate\\Pipeline\\Pipeline->Illuminate\\Pipeline\\{closure}(Object(Illuminate\\Http\\Request))
#28 E:\\Alpha\\CRM_OldFurn\\oldfurn\\aesapi\\vendor\\fideloper\\proxy\\src\\TrustProxies.php(57): Illuminate\\Routing\\Pipeline->Illuminate\\Routing\\{closure}(Object(Illuminate\\Http\\Request))
#29 E:\\Alpha\\CRM_OldFurn\\oldfurn\\aesapi\\vendor\\laravel\\framework\\src\\Illuminate\\Pipeline\\Pipeline.php(163): Fideloper\\Proxy\\TrustProxies->handle(Object(Illuminate\\Http\\Request), Object(Closure))
#30 E:\\Alpha\\CRM_OldFurn\\oldfurn\\aesapi\\vendor\\laravel\\framework\\src\\Illuminate\\Routing\\Pipeline.php(53): Illuminate\\Pipeline\\Pipeline->Illuminate\\Pipeline\\{closure}(Object(Illuminate\\Http\\Request))
#31 E:\\Alpha\\CRM_OldFurn\\oldfurn\\aesapi\\vendor\\laravel\\framework\\src\\Illuminate\\Foundation\\Http\\Middleware\\TransformsRequest.php(21): Illuminate\\Routing\\Pipeline->Illuminate\\Routing\\{closure}(Object(Illuminate\\Http\\Request))
#32 E:\\Alpha\\CRM_OldFurn\\oldfurn\\aesapi\\vendor\\laravel\\framework\\src\\Illuminate\\Pipeline\\Pipeline.php(163): Illuminate\\Foundation\\Http\\Middleware\\TransformsRequest->handle(Object(Illuminate\\Http\\Request), Object(Closure))
#33 E:\\Alpha\\CRM_OldFurn\\oldfurn\\aesapi\\vendor\\laravel\\framework\\src\\Illuminate\\Routing\\Pipeline.php(53): Illuminate\\Pipeline\\Pipeline->Illuminate\\Pipeline\\{closure}(Object(Illuminate\\Http\\Request))
#34 E:\\Alpha\\CRM_OldFurn\\oldfurn\\aesapi\\vendor\\laravel\\framework\\src\\Illuminate\\Foundation\\Http\\Middleware\\TransformsRequest.php(21): Illuminate\\Routing\\Pipeline->Illuminate\\Routing\\{closure}(Object(Illuminate\\Http\\Request))
#35 E:\\Alpha\\CRM_OldFurn\\oldfurn\\aesapi\\vendor\\laravel\\framework\\src\\Illuminate\\Pipeline\\Pipeline.php(163): Illuminate\\Foundation\\Http\\Middleware\\TransformsRequest->handle(Object(Illuminate\\Http\\Request), Object(Closure))
#36 E:\\Alpha\\CRM_OldFurn\\oldfurn\\aesapi\\vendor\\laravel\\framework\\src\\Illuminate\\Routing\\Pipeline.php(53): Illuminate\\Pipeline\\Pipeline->Illuminate\\Pipeline\\{closure}(Object(Illuminate\\Http\\Request))
#37 E:\\Alpha\\CRM_OldFurn\\oldfurn\\aesapi\\vendor\\laravel\\framework\\src\\Illuminate\\Foundation\\Http\\Middleware\\ValidatePostSize.php(27): Illuminate\\Routing\\Pipeline->Illuminate\\Routing\\{closure}(Object(Illuminate\\Http\\Request))
#38 E:\\Alpha\\CRM_OldFurn\\oldfurn\\aesapi\\vendor\\laravel\\framework\\src\\Illuminate\\Pipeline\\Pipeline.php(163): Illuminate\\Foundation\\Http\\Middleware\\ValidatePostSize->handle(Object(Illuminate\\Http\\Request), Object(Closure))
#39 E:\\Alpha\\CRM_OldFurn\\oldfurn\\aesapi\\vendor\\laravel\\framework\\src\\Illuminate\\Routing\\Pipeline.php(53): Illuminate\\Pipeline\\Pipeline->Illuminate\\Pipeline\\{closure}(Object(Illuminate\\Http\\Request))
#40 E:\\Alpha\\CRM_OldFurn\\oldfurn\\aesapi\\vendor\\laravel\\framework\\src\\Illuminate\\Foundation\\Http\\Middleware\\CheckForMaintenanceMode.php(62): Illuminate\\Routing\\Pipeline->Illuminate\\Routing\\{closure}(Object(Illuminate\\Http\\Request))
#41 E:\\Alpha\\CRM_OldFurn\\oldfurn\\aesapi\\vendor\\laravel\\framework\\src\\Illuminate\\Pipeline\\Pipeline.php(163): Illuminate\\Foundation\\Http\\Middleware\\CheckForMaintenanceMode->handle(Object(Illuminate\\Http\\Request), Object(Closure))
#42 E:\\Alpha\\CRM_OldFurn\\oldfurn\\aesapi\\vendor\\laravel\\framework\\src\\Illuminate\\Routing\\Pipeline.php(53): Illuminate\\Pipeline\\Pipeline->Illuminate\\Pipeline\\{closure}(Object(Illuminate\\Http\\Request))
#43 E:\\Alpha\\CRM_OldFurn\\oldfurn\\aesapi\\vendor\\laravel\\framework\\src\\Illuminate\\Pipeline\\Pipeline.php(104): Illuminate\\Routing\\Pipeline->Illuminate\\Routing\\{closure}(Object(Illuminate\\Http\\Request))
#44 E:\\Alpha\\CRM_OldFurn\\oldfurn\\aesapi\\vendor\\laravel\\framework\\src\\Illuminate\\Foundation\\Http\\Kernel.php(151): Illuminate\\Pipeline\\Pipeline->then(Object(Closure))
#45 E:\\Alpha\\CRM_OldFurn\\oldfurn\\aesapi\\vendor\\laravel\\framework\\src\\Illuminate\\Foundation\\Http\\Kernel.php(116): Illuminate\\Foundation\\Http\\Kernel->sendRequestThroughRouter(Object(Illuminate\\Http\\Request))
#46 E:\\Alpha\\CRM_OldFurn\\oldfurn\\aesapi\\public\\index.php(55): Illuminate\\Foundation\\Http\\Kernel->handle(Object(Illuminate\\Http\\Request))
#47 E:\\Alpha\\CRM_OldFurn\\oldfurn\\aesapi\\server.php(21): require_once('E:\\\\Alpha\\\\CRM_Ol...')
#48 {main}
"} 
[2019-09-03 13:08:43] local.ERROR: SQLSTATE[42S22]: Column not found: 1054 Unknown column 'proforma_invoice.date' in 'where clause' (SQL: 
        SELECT
            pi.id,
            date,
            pi.proforma_invoice_full_no,
            b.name as business_name,
            u.user_name as salesperson_name,
            pi.total_net_amount,
            ss.name
        FROM
            `proforma_invoice` as pi
        inner join
            business b
        on
            b.id =  pi.business_id
        left outer join
            user u
        on
            u.id = pi.sales_person_id
        left outer join
            application_status ss
        on
            ss.id = pi.application_status_id
        WHERE
            `proforma_invoice`.date BETWEEN '2019-08-03' AND '2019-09-03'
              LIMIT 0,10) {"exception":"[object] (Illuminate\\Database\\QueryException(code: 42S22): SQLSTATE[42S22]: Column not found: 1054 Unknown column 'proforma_invoice.date' in 'where clause' (SQL: 
        SELECT
            pi.id,
            date,
            pi.proforma_invoice_full_no,
            b.name as business_name,
            u.user_name as salesperson_name,
            pi.total_net_amount,
            ss.name
        FROM
            `proforma_invoice` as pi
        inner join
            business b
        on
            b.id =  pi.business_id
        left outer join
            user u
        on
            u.id = pi.sales_person_id
        left outer join
            application_status ss
        on
            ss.id = pi.application_status_id
        WHERE
            `proforma_invoice`.date BETWEEN '2019-08-03' AND '2019-09-03'
              LIMIT 0,10) at E:\\Alpha\\CRM_OldFurn\\oldfurn\\aesapi\\vendor\\laravel\\framework\\src\\Illuminate\\Database\\Connection.php:664, Doctrine\\DBAL\\Driver\\PDOException(code: 42S22): SQLSTATE[42S22]: Column not found: 1054 Unknown column 'proforma_invoice.date' in 'where clause' at E:\\Alpha\\CRM_OldFurn\\oldfurn\\aesapi\\vendor\\doctrine\\dbal\\lib\\Doctrine\\DBAL\\Driver\\PDOConnection.php:63, PDOException(code: 42S22): SQLSTATE[42S22]: Column not found: 1054 Unknown column 'proforma_invoice.date' in 'where clause' at E:\\Alpha\\CRM_OldFurn\\oldfurn\\aesapi\\vendor\\doctrine\\dbal\\lib\\Doctrine\\DBAL\\Driver\\PDOConnection.php:61)
[stacktrace]
#0 E:\\Alpha\\CRM_OldFurn\\oldfurn\\aesapi\\vendor\\laravel\\framework\\src\\Illuminate\\Database\\Connection.php(624): Illuminate\\Database\\Connection->runQueryCallback('\
        SELECT...', Array, Object(Closure))
#1 E:\\Alpha\\CRM_OldFurn\\oldfurn\\aesapi\\vendor\\laravel\\framework\\src\\Illuminate\\Database\\Connection.php(333): Illuminate\\Database\\Connection->run('\
        SELECT...', Array, Object(Closure))
#2 E:\\Alpha\\CRM_OldFurn\\oldfurn\\aesapi\\vendor\\laravel\\framework\\src\\Illuminate\\Database\\DatabaseManager.php(349): Illuminate\\Database\\Connection->select('\
        SELECT...')
#3 E:\\Alpha\\CRM_OldFurn\\oldfurn\\aesapi\\vendor\\laravel\\framework\\src\\Illuminate\\Support\\Facades\\Facade.php(237): Illuminate\\Database\\DatabaseManager->__call('select', Array)
#4 E:\\Alpha\\CRM_OldFurn\\oldfurn\\aesapi\\app\\Http\\ApiController\\ProformaInvoiceController.php(73): Illuminate\\Support\\Facades\\Facade::__callStatic('select', Array)
#5 [internal function]: App\\Http\\ApiController\\ProformaInvoiceController->ProformaInvoiceSearchAndList(Object(Illuminate\\Http\\Request), '2019-08-03', '2019-09-03')
#6 E:\\Alpha\\CRM_OldFurn\\oldfurn\\aesapi\\vendor\\laravel\\framework\\src\\Illuminate\\Routing\\Controller.php(54): call_user_func_array(Array, Array)
#7 E:\\Alpha\\CRM_OldFurn\\oldfurn\\aesapi\\vendor\\laravel\\framework\\src\\Illuminate\\Routing\\ControllerDispatcher.php(45): Illuminate\\Routing\\Controller->callAction('ProformaInvoice...', Array)
#8 E:\\Alpha\\CRM_OldFurn\\oldfurn\\aesapi\\vendor\\laravel\\framework\\src\\Illuminate\\Routing\\Route.php(219): Illuminate\\Routing\\ControllerDispatcher->dispatch(Object(Illuminate\\Routing\\Route), Object(App\\Http\\ApiController\\ProformaInvoiceController), 'ProformaInvoice...')
#9 E:\\Alpha\\CRM_OldFurn\\oldfurn\\aesapi\\vendor\\laravel\\framework\\src\\Illuminate\\Routing\\Route.php(176): Illuminate\\Routing\\Route->runController()
#10 E:\\Alpha\\CRM_OldFurn\\oldfurn\\aesapi\\vendor\\laravel\\framework\\src\\Illuminate\\Routing\\Router.php(680): Illuminate\\Routing\\Route->run()
#11 E:\\Alpha\\CRM_OldFurn\\oldfurn\\aesapi\\vendor\\laravel\\framework\\src\\Illuminate\\Routing\\Pipeline.php(30): Illuminate\\Routing\\Router->Illuminate\\Routing\\{closure}(Object(Illuminate\\Http\\Request))
#12 E:\\Alpha\\CRM_OldFurn\\oldfurn\\aesapi\\app\\Http\\Middleware\\APIToken.php(22): Illuminate\\Routing\\Pipeline->Illuminate\\Routing\\{closure}(Object(Illuminate\\Http\\Request))
#13 E:\\Alpha\\CRM_OldFurn\\oldfurn\\aesapi\\vendor\\laravel\\framework\\src\\Illuminate\\Pipeline\\Pipeline.php(163): App\\Http\\Middleware\\APIToken->handle(Object(Illuminate\\Http\\Request), Object(Closure))
#14 E:\\Alpha\\CRM_OldFurn\\oldfurn\\aesapi\\vendor\\laravel\\framework\\src\\Illuminate\\Routing\\Pipeline.php(53): Illuminate\\Pipeline\\Pipeline->Illuminate\\Pipeline\\{closure}(Object(Illuminate\\Http\\Request))
#15 E:\\Alpha\\CRM_OldFurn\\oldfurn\\aesapi\\vendor\\barryvdh\\laravel-cors\\src\\HandleCors.php(58): Illuminate\\Routing\\Pipeline->Illuminate\\Routing\\{closure}(Object(Illuminate\\Http\\Request))
#16 E:\\Alpha\\CRM_OldFurn\\oldfurn\\aesapi\\vendor\\laravel\\framework\\src\\Illuminate\\Pipeline\\Pipeline.php(163): Barryvdh\\Cors\\HandleCors->handle(Object(Illuminate\\Http\\Request), Object(Closure))
#17 E:\\Alpha\\CRM_OldFurn\\oldfurn\\aesapi\\vendor\\laravel\\framework\\src\\Illuminate\\Routing\\Pipeline.php(53): Illuminate\\Pipeline\\Pipeline->Illuminate\\Pipeline\\{closure}(Object(Illuminate\\Http\\Request))
#18 E:\\Alpha\\CRM_OldFurn\\oldfurn\\aesapi\\vendor\\laravel\\framework\\src\\Illuminate\\Pipeline\\Pipeline.php(104): Illuminate\\Routing\\Pipeline->Illuminate\\Routing\\{closure}(Object(Illuminate\\Http\\Request))
#19 E:\\Alpha\\CRM_OldFurn\\oldfurn\\aesapi\\vendor\\laravel\\framework\\src\\Illuminate\\Routing\\Router.php(682): Illuminate\\Pipeline\\Pipeline->then(Object(Closure))
#20 E:\\Alpha\\CRM_OldFurn\\oldfurn\\aesapi\\vendor\\laravel\\framework\\src\\Illuminate\\Routing\\Router.php(657): Illuminate\\Routing\\Router->runRouteWithinStack(Object(Illuminate\\Routing\\Route), Object(Illuminate\\Http\\Request))
#21 E:\\Alpha\\CRM_OldFurn\\oldfurn\\aesapi\\vendor\\laravel\\framework\\src\\Illuminate\\Routing\\Router.php(623): Illuminate\\Routing\\Router->runRoute(Object(Illuminate\\Http\\Request), Object(Illuminate\\Routing\\Route))
#22 E:\\Alpha\\CRM_OldFurn\\oldfurn\\aesapi\\vendor\\laravel\\framework\\src\\Illuminate\\Routing\\Router.php(612): Illuminate\\Routing\\Router->dispatchToRoute(Object(Illuminate\\Http\\Request))
#23 E:\\Alpha\\CRM_OldFurn\\oldfurn\\aesapi\\vendor\\laravel\\framework\\src\\Illuminate\\Foundation\\Http\\Kernel.php(176): Illuminate\\Routing\\Router->dispatch(Object(Illuminate\\Http\\Request))
#24 E:\\Alpha\\CRM_OldFurn\\oldfurn\\aesapi\\vendor\\laravel\\framework\\src\\Illuminate\\Routing\\Pipeline.php(30): Illuminate\\Foundation\\Http\\Kernel->Illuminate\\Foundation\\Http\\{closure}(Object(Illuminate\\Http\\Request))
#25 E:\\Alpha\\CRM_OldFurn\\oldfurn\\aesapi\\vendor\\barryvdh\\laravel-cors\\src\\HandleCors.php(58): Illuminate\\Routing\\Pipeline->Illuminate\\Routing\\{closure}(Object(Illuminate\\Http\\Request))
#26 E:\\Alpha\\CRM_OldFurn\\oldfurn\\aesapi\\vendor\\laravel\\framework\\src\\Illuminate\\Pipeline\\Pipeline.php(163): Barryvdh\\Cors\\HandleCors->handle(Object(Illuminate\\Http\\Request), Object(Closure))
#27 E:\\Alpha\\CRM_OldFurn\\oldfurn\\aesapi\\vendor\\laravel\\framework\\src\\Illuminate\\Routing\\Pipeline.php(53): Illuminate\\Pipeline\\Pipeline->Illuminate\\Pipeline\\{closure}(Object(Illuminate\\Http\\Request))
#28 E:\\Alpha\\CRM_OldFurn\\oldfurn\\aesapi\\vendor\\fideloper\\proxy\\src\\TrustProxies.php(57): Illuminate\\Routing\\Pipeline->Illuminate\\Routing\\{closure}(Object(Illuminate\\Http\\Request))
#29 E:\\Alpha\\CRM_OldFurn\\oldfurn\\aesapi\\vendor\\laravel\\framework\\src\\Illuminate\\Pipeline\\Pipeline.php(163): Fideloper\\Proxy\\TrustProxies->handle(Object(Illuminate\\Http\\Request), Object(Closure))
#30 E:\\Alpha\\CRM_OldFurn\\oldfurn\\aesapi\\vendor\\laravel\\framework\\src\\Illuminate\\Routing\\Pipeline.php(53): Illuminate\\Pipeline\\Pipeline->Illuminate\\Pipeline\\{closure}(Object(Illuminate\\Http\\Request))
#31 E:\\Alpha\\CRM_OldFurn\\oldfurn\\aesapi\\vendor\\laravel\\framework\\src\\Illuminate\\Foundation\\Http\\Middleware\\TransformsRequest.php(21): Illuminate\\Routing\\Pipeline->Illuminate\\Routing\\{closure}(Object(Illuminate\\Http\\Request))
#32 E:\\Alpha\\CRM_OldFurn\\oldfurn\\aesapi\\vendor\\laravel\\framework\\src\\Illuminate\\Pipeline\\Pipeline.php(163): Illuminate\\Foundation\\Http\\Middleware\\TransformsRequest->handle(Object(Illuminate\\Http\\Request), Object(Closure))
#33 E:\\Alpha\\CRM_OldFurn\\oldfurn\\aesapi\\vendor\\laravel\\framework\\src\\Illuminate\\Routing\\Pipeline.php(53): Illuminate\\Pipeline\\Pipeline->Illuminate\\Pipeline\\{closure}(Object(Illuminate\\Http\\Request))
#34 E:\\Alpha\\CRM_OldFurn\\oldfurn\\aesapi\\vendor\\laravel\\framework\\src\\Illuminate\\Foundation\\Http\\Middleware\\TransformsRequest.php(21): Illuminate\\Routing\\Pipeline->Illuminate\\Routing\\{closure}(Object(Illuminate\\Http\\Request))
#35 E:\\Alpha\\CRM_OldFurn\\oldfurn\\aesapi\\vendor\\laravel\\framework\\src\\Illuminate\\Pipeline\\Pipeline.php(163): Illuminate\\Foundation\\Http\\Middleware\\TransformsRequest->handle(Object(Illuminate\\Http\\Request), Object(Closure))
#36 E:\\Alpha\\CRM_OldFurn\\oldfurn\\aesapi\\vendor\\laravel\\framework\\src\\Illuminate\\Routing\\Pipeline.php(53): Illuminate\\Pipeline\\Pipeline->Illuminate\\Pipeline\\{closure}(Object(Illuminate\\Http\\Request))
#37 E:\\Alpha\\CRM_OldFurn\\oldfurn\\aesapi\\vendor\\laravel\\framework\\src\\Illuminate\\Foundation\\Http\\Middleware\\ValidatePostSize.php(27): Illuminate\\Routing\\Pipeline->Illuminate\\Routing\\{closure}(Object(Illuminate\\Http\\Request))
#38 E:\\Alpha\\CRM_OldFurn\\oldfurn\\aesapi\\vendor\\laravel\\framework\\src\\Illuminate\\Pipeline\\Pipeline.php(163): Illuminate\\Foundation\\Http\\Middleware\\ValidatePostSize->handle(Object(Illuminate\\Http\\Request), Object(Closure))
#39 E:\\Alpha\\CRM_OldFurn\\oldfurn\\aesapi\\vendor\\laravel\\framework\\src\\Illuminate\\Routing\\Pipeline.php(53): Illuminate\\Pipeline\\Pipeline->Illuminate\\Pipeline\\{closure}(Object(Illuminate\\Http\\Request))
#40 E:\\Alpha\\CRM_OldFurn\\oldfurn\\aesapi\\vendor\\laravel\\framework\\src\\Illuminate\\Foundation\\Http\\Middleware\\CheckForMaintenanceMode.php(62): Illuminate\\Routing\\Pipeline->Illuminate\\Routing\\{closure}(Object(Illuminate\\Http\\Request))
#41 E:\\Alpha\\CRM_OldFurn\\oldfurn\\aesapi\\vendor\\laravel\\framework\\src\\Illuminate\\Pipeline\\Pipeline.php(163): Illuminate\\Foundation\\Http\\Middleware\\CheckForMaintenanceMode->handle(Object(Illuminate\\Http\\Request), Object(Closure))
#42 E:\\Alpha\\CRM_OldFurn\\oldfurn\\aesapi\\vendor\\laravel\\framework\\src\\Illuminate\\Routing\\Pipeline.php(53): Illuminate\\Pipeline\\Pipeline->Illuminate\\Pipeline\\{closure}(Object(Illuminate\\Http\\Request))
#43 E:\\Alpha\\CRM_OldFurn\\oldfurn\\aesapi\\vendor\\laravel\\framework\\src\\Illuminate\\Pipeline\\Pipeline.php(104): Illuminate\\Routing\\Pipeline->Illuminate\\Routing\\{closure}(Object(Illuminate\\Http\\Request))
#44 E:\\Alpha\\CRM_OldFurn\\oldfurn\\aesapi\\vendor\\laravel\\framework\\src\\Illuminate\\Foundation\\Http\\Kernel.php(151): Illuminate\\Pipeline\\Pipeline->then(Object(Closure))
#45 E:\\Alpha\\CRM_OldFurn\\oldfurn\\aesapi\\vendor\\laravel\\framework\\src\\Illuminate\\Foundation\\Http\\Kernel.php(116): Illuminate\\Foundation\\Http\\Kernel->sendRequestThroughRouter(Object(Illuminate\\Http\\Request))
#46 E:\\Alpha\\CRM_OldFurn\\oldfurn\\aesapi\\public\\index.php(55): Illuminate\\Foundation\\Http\\Kernel->handle(Object(Illuminate\\Http\\Request))
#47 E:\\Alpha\\CRM_OldFurn\\oldfurn\\aesapi\\server.php(21): require_once('E:\\\\Alpha\\\\CRM_Ol...')
#48 {main}
"} 
